2019-07-21 20:31:20.2984 Info Message Template Auto Format enabled
2019-07-21 20:31:20.4199 Info Adding target BufferingTargetWrapper(Name=allfile)
2019-07-21 20:31:20.5332 Info Adding target BufferingTargetWrapper(Name=ownFile-web)
2019-07-21 20:31:20.5492 Info Adding target BufferingTargetWrapper(Name=console)
2019-07-21 20:31:20.5492 Info Adding target BufferingTargetWrapper(Name=debug)
2019-07-21 20:31:20.5518 Info Adding target BufferingTargetWrapper(Name=network)
2019-07-21 20:31:20.5735 Warn Unused target detected. Add a rule for this target to the configuration. TargetName: debug
2019-07-21 20:31:20.5737 Warn Unused target detected. Add a rule for this target to the configuration. TargetName: network
2019-07-21 20:31:20.6025 Info Found 107 configuration items
2019-07-21 20:34:52.7633 Info Message Template Auto Format enabled
2019-07-21 20:34:52.8870 Info Adding target BufferingTargetWrapper(Name=allfile)
2019-07-21 20:34:52.8996 Info Adding target BufferingTargetWrapper(Name=ownFile-web)
2019-07-21 20:34:52.9120 Info Adding target BufferingTargetWrapper(Name=console)
2019-07-21 20:34:52.9120 Info Adding target BufferingTargetWrapper(Name=debug)
2019-07-21 20:34:52.9144 Info Adding target BufferingTargetWrapper(Name=network)
2019-07-21 20:34:52.9347 Warn Unused target detected. Add a rule for this target to the configuration. TargetName: debug
2019-07-21 20:34:52.9347 Warn Unused target detected. Add a rule for this target to the configuration. TargetName: network
2019-07-21 20:34:52.9577 Info Found 107 configuration items
2019-07-21 20:35:53.6463 Info Message Template Auto Format enabled
2019-07-21 20:35:53.7728 Info Adding target BufferingTargetWrapper(Name=allfile)
2019-07-21 20:35:53.7862 Info Adding target BufferingTargetWrapper(Name=ownFile-web)
2019-07-21 20:35:53.7973 Info Adding target BufferingTargetWrapper(Name=console)
2019-07-21 20:35:53.7973 Info Adding target BufferingTargetWrapper(Name=debug)
2019-07-21 20:35:53.8003 Info Adding target BufferingTargetWrapper(Name=network)
2019-07-21 20:35:53.8192 Warn Unused target detected. Add a rule for this target to the configuration. TargetName: debug
2019-07-21 20:35:53.8192 Warn Unused target detected. Add a rule for this target to the configuration. TargetName: network
2019-07-21 20:35:53.8421 Info Found 107 configuration items
2019-07-21 20:36:08.7547 Info Message Template Auto Format enabled
2019-07-21 20:36:08.8777 Info Adding target BufferingTargetWrapper(Name=allfile)
2019-07-21 20:36:08.8895 Info Adding target BufferingTargetWrapper(Name=ownFile-web)
2019-07-21 20:36:08.9000 Info Adding target BufferingTargetWrapper(Name=console)
2019-07-21 20:36:08.9007 Info Adding target BufferingTargetWrapper(Name=debug)
2019-07-21 20:36:08.9007 Info Adding target BufferingTargetWrapper(Name=network)
2019-07-21 20:36:08.9213 Warn Unused target detected. Add a rule for this target to the configuration. TargetName: debug
2019-07-21 20:36:08.9213 Warn Unused target detected. Add a rule for this target to the configuration. TargetName: network
2019-07-21 20:36:08.9443 Info Found 107 configuration items
2019-07-21 20:36:32.6412 Info Message Template Auto Format enabled
2019-07-21 20:36:32.7539 Info Adding target BufferingTargetWrapper(Name=allfile)
2019-07-21 20:36:32.7657 Info Adding target BufferingTargetWrapper(Name=ownFile-web)
2019-07-21 20:36:32.7765 Info Adding target BufferingTargetWrapper(Name=console)
2019-07-21 20:36:32.7772 Info Adding target BufferingTargetWrapper(Name=debug)
2019-07-21 20:36:32.7772 Info Adding target BufferingTargetWrapper(Name=network)
2019-07-21 20:36:32.8010 Warn Unused target detected. Add a rule for this target to the configuration. TargetName: debug
2019-07-21 20:36:32.8010 Warn Unused target detected. Add a rule for this target to the configuration. TargetName: network
2019-07-21 20:36:32.8265 Info Found 107 configuration items
2019-07-21 20:37:53.8037 Info Message Template Auto Format enabled
2019-07-21 20:37:53.9315 Info Adding target BufferingTargetWrapper(Name=allfile)
2019-07-21 20:37:53.9442 Info Adding target BufferingTargetWrapper(Name=ownFile-web)
2019-07-21 20:37:53.9538 Info Adding target BufferingTargetWrapper(Name=console)
2019-07-21 20:37:53.9538 Info Adding target BufferingTargetWrapper(Name=debug)
2019-07-21 20:37:53.9538 Info Adding target BufferingTargetWrapper(Name=network)
2019-07-21 20:37:53.9729 Warn Unused target detected. Add a rule for this target to the configuration. TargetName: debug
2019-07-21 20:37:53.9729 Warn Unused target detected. Add a rule for this target to the configuration. TargetName: network
2019-07-21 20:37:53.9957 Info Found 107 configuration items
2019-07-21 20:38:27.1953 Info Message Template Auto Format enabled
2019-07-21 20:38:27.3126 Info Adding target BufferingTargetWrapper(Name=allfile)
2019-07-21 20:38:27.3237 Info Adding target BufferingTargetWrapper(Name=ownFile-web)
2019-07-21 20:38:27.3354 Info Adding target BufferingTargetWrapper(Name=console)
2019-07-21 20:38:27.3354 Info Adding target BufferingTargetWrapper(Name=debug)
2019-07-21 20:38:27.3381 Info Adding target BufferingTargetWrapper(Name=network)
2019-07-21 20:38:27.3590 Warn Unused target detected. Add a rule for this target to the configuration. TargetName: debug
2019-07-21 20:38:27.3590 Warn Unused target detected. Add a rule for this target to the configuration. TargetName: network
2019-07-21 20:38:27.3835 Info Found 107 configuration items
2019-07-21 20:39:12.4633 Info Message Template Auto Format enabled
2019-07-21 20:39:12.5774 Info Adding target BufferingTargetWrapper(Name=allfile)
2019-07-21 20:39:12.5898 Info Adding target BufferingTargetWrapper(Name=ownFile-web)
2019-07-21 20:39:12.6003 Info Adding target BufferingTargetWrapper(Name=console)
2019-07-21 20:39:12.6003 Info Adding target BufferingTargetWrapper(Name=debug)
2019-07-21 20:39:12.6003 Info Adding target BufferingTargetWrapper(Name=network)
2019-07-21 20:39:12.6234 Warn Unused target detected. Add a rule for this target to the configuration. TargetName: debug
2019-07-21 20:39:12.6236 Warn Unused target detected. Add a rule for this target to the configuration. TargetName: network
2019-07-21 20:39:12.6491 Info Found 107 configuration items
2019-07-21 20:41:13.4246 Info Message Template Auto Format enabled
2019-07-21 20:41:13.5421 Info Adding target BufferingTargetWrapper(Name=allfile)
2019-07-21 20:41:13.5528 Info Adding target BufferingTargetWrapper(Name=ownFile-web)
2019-07-21 20:41:13.5644 Info Adding target BufferingTargetWrapper(Name=console)
2019-07-21 20:41:13.5644 Info Adding target BufferingTargetWrapper(Name=debug)
2019-07-21 20:41:13.5644 Info Adding target BufferingTargetWrapper(Name=network)
2019-07-21 20:41:13.5883 Warn Unused target detected. Add a rule for this target to the configuration. TargetName: debug
2019-07-21 20:41:13.5883 Warn Unused target detected. Add a rule for this target to the configuration. TargetName: network
2019-07-21 20:41:13.6117 Info Found 107 configuration items
